<?xml version="1.0" encoding="UTF-8"?>
<!-- Generated by org.testng.reporters.JUnitXMLReporter -->
<testsuite ignored="1" hostname="Imams-MBP.T-mobile.com" failures="4" tests="13" name="Car Loan Department" time="0.172" errors="0" timestamp="2020-04-05T13:41:24 EDT">
  <testcase classname="test.day1" name="PersonalLoanLogin" time="0.008">
    <failure type="java.lang.AssertionError" message="did not expect to find [true] but found [false]">
      <![CDATA[java.lang.AssertionError: did not expect to find [true] but found [false]
at test.day1.PersonalLoanLogin(day1.java:22)
at java.base/java.util.ArrayList.forEach(ArrayList.java:1540)
... Removed 31 stack frames]]>
    </failure>
  </testcase> <!-- PersonalLoanLogin -->
  <testcase classname="test.day1" name="PersonalLoanWeb" time="0.011"/>
  <testcase classname="test.day4" name="APNILoginHomeLoan" time="0.001"/>
  <testcase classname="test.day4" name="MobileLoginHomeLoan" time="0.002"/>
  <testcase classname="test.day4" name="WebLoginHomeLoan" time="0.002">
    <failure type="java.lang.AssertionError" message="did not expect to find [true] but found [false]">
      <![CDATA[java.lang.AssertionError: did not expect to find [true] but found [false]
at test.day4.WebLoginHomeLoan(day4.java:15)
at java.base/java.util.ArrayList.forEach(ArrayList.java:1540)
... Removed 31 stack frames]]>
    </failure>
  </testcase> <!-- WebLoginHomeLoan -->
  <testcase classname="test.day3" name="APNLoginHCarLoan" time="0.0">
    <failure type="org.testng.TestNGException" message="
Parameter &amp;apos;URL&amp;apos; is required by @Test on method APNLoginHCarLoan but has not been marked @Optional or defined
in /Users/imam/eclipse-workspace/test-ng/testng2.xml">
      <![CDATA[org.testng.TestNGException: 
Parameter 'URL' is required by @Test on method APNLoginHCarLoan but has not been marked @Optional or defined
in /Users/imam/eclipse-workspace/test-ng/testng2.xml
at java.base/java.util.ArrayList.forEach(ArrayList.java:1540)
... Removed 26 stack frames]]>
    </failure>
  </testcase> <!-- APNLoginHCarLoan -->
  <testcase classname="test.day3" name="DoubleAPNLoginHCarLoan" time="0.0">
    <failure type="org.testng.TestNGException" message="
Parameter &amp;apos;URL&amp;apos; is required by @Test on method DoubleAPNLoginHCarLoan but has not been marked @Optional or defined
in /Users/imam/eclipse-workspace/test-ng/testng2.xml">
      <![CDATA[org.testng.TestNGException: 
Parameter 'URL' is required by @Test on method DoubleAPNLoginHCarLoan but has not been marked @Optional or defined
in /Users/imam/eclipse-workspace/test-ng/testng2.xml
at java.base/java.util.ArrayList.forEach(ArrayList.java:1540)
... Removed 26 stack frames]]>
    </failure>
  </testcase> <!-- DoubleAPNLoginHCarLoan -->
  <testcase classname="test.day3" name="TestNGparameterization" time="0.003"/>
  <testcase classname="test.day3" name="TestNGparameterization" time="0.004"/>
  <testcase classname="test.day3" name="TestNGparameterization" time="0.001"/>
  <testcase classname="test.day3" name="WebLoginCarLoan" time="0.002"/>
  <testcase classname="test.day3" name="WebAPNLoginHCarLoan" time="0.0">
    <skipped/>
  </testcase> <!-- WebAPNLoginHCarLoan -->
  <testcase classname="test.day2" name="Ploan" time="0.001"/>
  <testcase classname="test.day3" name="MobileLoginCarLoan" time="0.0">
    <ignored/>
  </testcase> <!-- MobileLoginCarLoan -->
</testsuite> <!-- Car Loan Department -->
