<?xml version="1.0" encoding="UTF-8"?>
<!-- Generated by org.testng.reporters.JUnitXMLReporter -->
<testsuite ignored="2" hostname="Imams-MBP.T-mobile.com" failures="2" tests="15" name="Personal Loan" time="0.124" errors="0" timestamp="2020-04-05T13:41:44 EDT">
  <testcase classname="test.day3" name="APNLoginHCarLoan" time="0.01"/>
  <testcase classname="test.day2" name="Ploan" time="0.009"/>
  <testcase classname="test.day2" name="Ploan" time="0.012"/>
  <testcase classname="test.day3" name="DoubleAPNLoginHCarLoan" time="0.01"/>
  <testcase classname="test.day4" name="APNILoginHomeLoan" time="0.003"/>
  <testcase classname="test.day4" name="APNILoginHomeLoan" time="0.005"/>
  <testcase classname="test.day3" name="TestNGparameterization" time="0.002"/>
  <testcase classname="test.day3" name="TestNGparameterization" time="0.003"/>
  <testcase classname="test.day4" name="MobileLoginHomeLoan" time="0.009"/>
  <testcase classname="test.day3" name="TestNGparameterization" time="0.003"/>
  <testcase classname="test.day3" name="WebLoginCarLoan" time="0.001"/>
  <testcase classname="test.day3" name="WebAPNLoginHCarLoan" time="0.002"/>
  <testcase classname="test.day4" name="MobileLoginHomeLoan" time="0.016"/>
  <testcase classname="test.day4" name="WebLoginHomeLoan" time="0.007">
    <failure type="java.lang.AssertionError" message="did not expect to find [true] but found [false]">
      <![CDATA[java.lang.AssertionError: did not expect to find [true] but found [false]
at test.day4.WebLoginHomeLoan(day4.java:15)
at java.base/java.util.ArrayList.forEach(ArrayList.java:1540)
at java.base/java.util.concurrent.FutureTask.run(FutureTask.java:264)
at java.base/java.util.concurrent.ThreadPoolExecutor.runWorker(ThreadPoolExecutor.java:1128)
at java.base/java.util.concurrent.ThreadPoolExecutor$Worker.run(ThreadPoolExecutor.java:628)
at java.base/java.lang.Thread.run(Thread.java:835)
... Removed 22 stack frames]]>
    </failure>
  </testcase> <!-- WebLoginHomeLoan -->
  <testcase classname="test.day4" name="WebLoginHomeLoan" time="0.003">
    <failure type="java.lang.AssertionError" message="did not expect to find [true] but found [false]">
      <![CDATA[java.lang.AssertionError: did not expect to find [true] but found [false]
at test.day4.WebLoginHomeLoan(day4.java:15)
at java.base/java.util.ArrayList.forEach(ArrayList.java:1540)
at java.base/java.util.concurrent.FutureTask.run(FutureTask.java:264)
at java.base/java.util.concurrent.ThreadPoolExecutor.runWorker(ThreadPoolExecutor.java:1128)
at java.base/java.util.concurrent.ThreadPoolExecutor$Worker.run(ThreadPoolExecutor.java:628)
at java.base/java.lang.Thread.run(Thread.java:835)
... Removed 22 stack frames]]>
    </failure>
  </testcase> <!-- WebLoginHomeLoan -->
  <testcase classname="test.day1" name="PersonalLoanLogin" time="0.0">
    <ignored/>
  </testcase> <!-- PersonalLoanLogin -->
  <testcase classname="test.day1" name="PersonalLoanWeb" time="0.0">
    <ignored/>
  </testcase> <!-- PersonalLoanWeb -->
</testsuite> <!-- Personal Loan -->
